<?xml version="1.0" encoding="UTF-8"?>
<!-- Generated by org.testng.reporters.JUnitReportReporter -->
<testsuite hostname="MohanEmpire" failures="0" tests="1" name="TestCases.LoginTestCase1" time="33.498" errors="0" timestamp="2023-04-18T10:46:14 IST" skipped="0">
  <testcase classname="TestCases.LoginTestCase1" name="login" time="33.498"/>
  <system-out/>
</testsuite> <!-- TestCases.LoginTestCase1 -->
