<?xml version="1.0" encoding="UTF-8"?>
<!-- Generated by org.testng.reporters.JUnitReportReporter -->
<testsuite hostname="MohanEmpire" failures="0" tests="1" name="CommonFunction.BrowserLaunching" time="22.459" errors="0" timestamp="2023-04-18T10:20:43 IST" skipped="0">
  <testcase classname="CommonFunction.BrowserLaunching" name="launchbrowser" time="22.459"/>
  <system-out/>
</testsuite> <!-- CommonFunction.BrowserLaunching -->
